<?xml version="1.0" encoding="UTF-8"?>
<!-- Generated by org.testng.reporters.JUnitReportReporter -->
<testsuite hostname="DESKTOP-GC36UST" failures="0" tests="1" name="rahulshettyacademy.Tests.ErrorValidation" time="20.543" errors="0" timestamp="2022-10-18T13:01:22 IST" skipped="0">
  <testcase classname="rahulshettyacademy.Tests.ErrorValidation" name="submitOrder" time="20.543"/>
  <system-out/>
</testsuite> <!-- rahulshettyacademy.Tests.ErrorValidation -->
